Build started 30/03/2015 13:05:33.
     1>Project "C:\VS Projects\ContinuumCrowds_1.0\ContinuumCrowds_1.0\ContinuumCrowds_1.0.vcxproj" on node 2 (Build target(s)).
     1>ClCompile:
         C:\Program Files (x86)\Microsoft Visual Studio 11.0\VC\bin\CL.exe /c /I"C:\VS Projects\ContinuumCrowds_1.0\ContinuumCrowds_1.0\glew-1.10.0\include" /I"C:\VS Projects\ContinuumCrowds_1.0\ContinuumCrowds_1.0\freeglut\include" /I"C:\VS Projects\ContinuumCrowds_1.0\ContinuumCrowds_1.0\assimp\include" /I"C:\VS Projects\ContinuumCrowds_1.0\ContinuumCrowds_1.0\AntTweakBar\AntTweakBar\include" /ZI /nologo /W3 /WX- /sdl /Od /Oy- /D WIN32 /D _DEBUG /D _CONSOLE /D _UNICODE /D UNICODE /Gm /EHsc /RTC1 /MDd /GS /fp:precise /Zc:wchar_t /Zc:forScope /Fo"Debug\\" /Fd"Debug\vc110.pdb" /Gd /TP /analyze- /errorReport:prompt Files\main.cpp
         main.cpp
     1>c:\vs projects\continuumcrowds_1.0\continuumcrowds_1.0\files\main.cpp(507): warning C4244: '=' : conversion from 'double' to 'float', possible loss of data
     1>c:\vs projects\continuumcrowds_1.0\continuumcrowds_1.0\files\main.cpp(523): warning C4244: 'argument' : conversion from 'double' to 'float', possible loss of data
     1>c:\vs projects\continuumcrowds_1.0\continuumcrowds_1.0\files\main.cpp(542): warning C4244: 'argument' : conversion from 'time_t' to 'unsigned int', possible loss of data
         GLM: perspective function taking degrees as a parameter is deprecated. #define GLM_FORCE_RADIANS before including GLM headers to remove this message.
       Link:
         C:\Program Files (x86)\Microsoft Visual Studio 11.0\VC\bin\link.exe /ERRORREPORT:PROMPT /OUT:"C:\VS Projects\ContinuumCrowds_1.0\Debug\ContinuumCrowds_1.0.exe" /INCREMENTAL /NOLOGO /LIBPATH:"C:\VS Projects\ContinuumCrowds_1.0\ContinuumCrowds_1.0\glew-1.10.0\lib\Release\Win32" /LIBPATH:"C:\VS Projects\ContinuumCrowds_1.0\ContinuumCrowds_1.0\freeglut\lib" /LIBPATH:"C:\VS Projects\ContinuumCrowds_1.0\ContinuumCrowds_1.0\assimp\lib\Release" /LIBPATH:"C:\VS Projects\ContinuumCrowds_1.0\ContinuumCrowds_1.0\AntTweakBar\AntTweakBar\lib" assimp.lib freeglut.lib glew32.lib kernel32.lib user32.lib gdi32.lib winspool.lib comdlg32.lib advapi32.lib shell32.lib ole32.lib oleaut32.lib uuid.lib odbc32.lib odbccp32.lib /MANIFEST /MANIFESTUAC:"level='asInvoker' uiAccess='false'" /manifest:embed /DEBUG /PDB:"C:\VS Projects\ContinuumCrowds_1.0\Debug\ContinuumCrowds_1.0.pdb" /SUBSYSTEM:CONSOLE /TLBID:1 /DYNAMICBASE /NXCOMPAT /IMPLIB:"C:\VS Projects\ContinuumCrowds_1.0\Debug\ContinuumCrowds_1.0.lib" /MACHINE:X86 Debug\Camera.obj
         Debug\Cell.obj
         Debug\CellFace.obj
         Debug\DensityField.obj
         Debug\Grid.obj
         Debug\Group.obj
         Debug\main.obj
         Debug\Person.obj
         Debug\PopulationManager.obj
         Debug\PotentialField.obj
         Debug\Shaders.obj
         Debug\SpeedField.obj
         ContinuumCrowds_1.0.vcxproj -> C:\VS Projects\ContinuumCrowds_1.0\Debug\ContinuumCrowds_1.0.exe
     1>Done Building Project "C:\VS Projects\ContinuumCrowds_1.0\ContinuumCrowds_1.0\ContinuumCrowds_1.0.vcxproj" (Build target(s)).

Build succeeded.

Time Elapsed 00:00:02.07
